Flow report for lights
Mon Nov 12 12:12:22 2018
Quartus II 32-bit Version 12.0 Build 263 08/02/2012 Service Pack 2 SJ Web Edition


---------------------
; Table of Contents ;
---------------------
  1. Legal Notice
  2. Flow Summary
  3. Flow Settings
  4. Flow Non-Default Global Settings
  5. Flow Elapsed Time
  6. Flow OS Summary
  7. Flow Log



----------------
; Legal Notice ;
----------------
Copyright (C) 1991-2012 Altera Corporation
Your use of Altera Corporation's design tools, logic functions 
and other software and tools, and its AMPP partner logic 
functions, and any output files from any of the foregoing 
(including device programming or simulation files), and any 
associated documentation or information are expressly subject 
to the terms and conditions of the Altera Program License 
Subscription Agreement, Altera MegaCore Function License 
Agreement, or other applicable license agreement, including, 
without limitation, that your use is for the sole purpose of 
programming logic devices manufactured by Altera and sold by 
Altera or its authorized distributors.  Please refer to the 
applicable agreement for further details.



+------------------------------------------------------------------------------------+
; Flow Summary                                                                       ;
+------------------------------------+-----------------------------------------------+
; Flow Status                        ; Successful - Mon Nov 12 12:12:02 2018         ;
; Quartus II 32-bit Version          ; 12.0 Build 263 08/02/2012 SP 2 SJ Web Edition ;
; Revision Name                      ; lights                                        ;
; Top-level Entity Name              ; lights                                        ;
; Family                             ; Cyclone IV E                                  ;
; Device                             ; EP4CE115F29C7                                 ;
; Timing Models                      ; Final                                         ;
; Total logic elements               ; 1,493 / 114,480 ( 1 % )                       ;
;     Total combinational functions  ; 1,411 / 114,480 ( 1 % )                       ;
;     Dedicated logic registers      ; 797 / 114,480 ( < 1 % )                       ;
; Total registers                    ; 797                                           ;
; Total pins                         ; 18 / 529 ( 3 % )                              ;
; Total virtual pins                 ; 0                                             ;
; Total memory bits                  ; 44,032 / 3,981,312 ( 1 % )                    ;
; Embedded Multiplier 9-bit elements ; 0 / 532 ( 0 % )                               ;
; Total PLLs                         ; 0 / 4 ( 0 % )                                 ;
+------------------------------------+-----------------------------------------------+


+-----------------------------------------+
; Flow Settings                           ;
+-------------------+---------------------+
; Option            ; Setting             ;
+-------------------+---------------------+
; Start date & time ; 11/12/2018 12:09:09 ;
; Main task         ; Compilation         ;
; Revision Name     ; lights              ;
+-------------------+---------------------+


+--------------------------------------------------------------------------------------------------------------------------------------------------------------+
; Flow Non-Default Global Settings                                                                                                                             ;
+-------------------------------------+---------------------------------------------------------+---------------+---------------------------------+------------+
; Assignment Name                     ; Value                                                   ; Default Value ; Entity Name                     ; Section Id ;
+-------------------------------------+---------------------------------------------------------+---------------+---------------------------------+------------+
; COMPILER_SIGNATURE_ID               ; 38923010049.154199214907560                             ; --            ; --                              ; --         ;
; IP_TOOL_ENV                         ; qsys                                                    ; --            ; altera_avalon_sc_fifo           ; --         ;
; IP_TOOL_ENV                         ; qsys                                                    ; --            ; altera_merlin_master_agent      ; --         ;
; IP_TOOL_ENV                         ; qsys                                                    ; --            ; altera_merlin_master_translator ; --         ;
; IP_TOOL_ENV                         ; qsys                                                    ; --            ; altera_merlin_slave_agent       ; --         ;
; IP_TOOL_ENV                         ; qsys                                                    ; --            ; altera_merlin_slave_translator  ; --         ;
; IP_TOOL_ENV                         ; qsys                                                    ; --            ; altera_reset_controller         ; --         ;
; IP_TOOL_ENV                         ; qsys                                                    ; --            ; nios2                           ; --         ;
; IP_TOOL_ENV                         ; qsys                                                    ; --            ; nios2_addr_router               ; --         ;
; IP_TOOL_ENV                         ; qsys                                                    ; --            ; nios2_addr_router_001           ; --         ;
; IP_TOOL_ENV                         ; qsys                                                    ; --            ; nios2_cmd_xbar_demux            ; --         ;
; IP_TOOL_ENV                         ; qsys                                                    ; --            ; nios2_cmd_xbar_demux_001        ; --         ;
; IP_TOOL_ENV                         ; qsys                                                    ; --            ; nios2_cmd_xbar_mux              ; --         ;
; IP_TOOL_ENV                         ; qsys                                                    ; --            ; nios2_id_router                 ; --         ;
; IP_TOOL_ENV                         ; qsys                                                    ; --            ; nios2_id_router_002             ; --         ;
; IP_TOOL_ENV                         ; qsys                                                    ; --            ; nios2_irq_mapper                ; --         ;
; IP_TOOL_ENV                         ; qsys                                                    ; --            ; nios2_jtag_uart                 ; --         ;
; IP_TOOL_ENV                         ; qsys                                                    ; --            ; nios2_leds                      ; --         ;
; IP_TOOL_ENV                         ; qsys                                                    ; --            ; nios2_nios2_qsys                ; --         ;
; IP_TOOL_ENV                         ; qsys                                                    ; --            ; nios2_onchip_memory             ; --         ;
; IP_TOOL_ENV                         ; qsys                                                    ; --            ; nios2_rsp_xbar_demux_002        ; --         ;
; IP_TOOL_ENV                         ; qsys                                                    ; --            ; nios2_rsp_xbar_mux              ; --         ;
; IP_TOOL_ENV                         ; qsys                                                    ; --            ; nios2_rsp_xbar_mux_001          ; --         ;
; IP_TOOL_ENV                         ; qsys                                                    ; --            ; nios2_switches                  ; --         ;
; IP_TOOL_NAME                        ; altera_avalon_sc_fifo                                   ; --            ; altera_avalon_sc_fifo           ; --         ;
; IP_TOOL_NAME                        ; altera_merlin_master_agent                              ; --            ; altera_merlin_master_agent      ; --         ;
; IP_TOOL_NAME                        ; altera_merlin_master_translator                         ; --            ; altera_merlin_master_translator ; --         ;
; IP_TOOL_NAME                        ; altera_merlin_slave_agent                               ; --            ; altera_merlin_slave_agent       ; --         ;
; IP_TOOL_NAME                        ; altera_merlin_slave_translator                          ; --            ; altera_merlin_slave_translator  ; --         ;
; IP_TOOL_NAME                        ; altera_reset_controller                                 ; --            ; altera_reset_controller         ; --         ;
; IP_TOOL_NAME                        ; qsys                                                    ; --            ; nios2                           ; --         ;
; IP_TOOL_NAME                        ; altera_merlin_router                                    ; --            ; nios2_addr_router               ; --         ;
; IP_TOOL_NAME                        ; altera_merlin_router                                    ; --            ; nios2_addr_router_001           ; --         ;
; IP_TOOL_NAME                        ; altera_merlin_demultiplexer                             ; --            ; nios2_cmd_xbar_demux            ; --         ;
; IP_TOOL_NAME                        ; altera_merlin_demultiplexer                             ; --            ; nios2_cmd_xbar_demux_001        ; --         ;
; IP_TOOL_NAME                        ; altera_merlin_multiplexer                               ; --            ; nios2_cmd_xbar_mux              ; --         ;
; IP_TOOL_NAME                        ; altera_merlin_router                                    ; --            ; nios2_id_router                 ; --         ;
; IP_TOOL_NAME                        ; altera_merlin_router                                    ; --            ; nios2_id_router_002             ; --         ;
; IP_TOOL_NAME                        ; altera_irq_mapper                                       ; --            ; nios2_irq_mapper                ; --         ;
; IP_TOOL_NAME                        ; altera_avalon_jtag_uart                                 ; --            ; nios2_jtag_uart                 ; --         ;
; IP_TOOL_NAME                        ; altera_avalon_pio                                       ; --            ; nios2_leds                      ; --         ;
; IP_TOOL_NAME                        ; altera_nios2_qsys                                       ; --            ; nios2_nios2_qsys                ; --         ;
; IP_TOOL_NAME                        ; altera_avalon_onchip_memory2                            ; --            ; nios2_onchip_memory             ; --         ;
; IP_TOOL_NAME                        ; altera_merlin_demultiplexer                             ; --            ; nios2_rsp_xbar_demux_002        ; --         ;
; IP_TOOL_NAME                        ; altera_merlin_multiplexer                               ; --            ; nios2_rsp_xbar_mux              ; --         ;
; IP_TOOL_NAME                        ; altera_merlin_multiplexer                               ; --            ; nios2_rsp_xbar_mux_001          ; --         ;
; IP_TOOL_NAME                        ; altera_avalon_pio                                       ; --            ; nios2_switches                  ; --         ;
; IP_TOOL_VERSION                     ; 12.0                                                    ; --            ; altera_avalon_sc_fifo           ; --         ;
; IP_TOOL_VERSION                     ; 12.0                                                    ; --            ; altera_merlin_master_agent      ; --         ;
; IP_TOOL_VERSION                     ; 12.0                                                    ; --            ; altera_merlin_master_translator ; --         ;
; IP_TOOL_VERSION                     ; 12.0                                                    ; --            ; altera_merlin_slave_agent       ; --         ;
; IP_TOOL_VERSION                     ; 12.0                                                    ; --            ; altera_merlin_slave_translator  ; --         ;
; IP_TOOL_VERSION                     ; 12.0                                                    ; --            ; altera_reset_controller         ; --         ;
; IP_TOOL_VERSION                     ; 12.0sp2                                                 ; --            ; nios2                           ; --         ;
; IP_TOOL_VERSION                     ; 12.0                                                    ; --            ; nios2_addr_router               ; --         ;
; IP_TOOL_VERSION                     ; 12.0                                                    ; --            ; nios2_addr_router_001           ; --         ;
; IP_TOOL_VERSION                     ; 12.0                                                    ; --            ; nios2_cmd_xbar_demux            ; --         ;
; IP_TOOL_VERSION                     ; 12.0                                                    ; --            ; nios2_cmd_xbar_demux_001        ; --         ;
; IP_TOOL_VERSION                     ; 12.0                                                    ; --            ; nios2_cmd_xbar_mux              ; --         ;
; IP_TOOL_VERSION                     ; 12.0                                                    ; --            ; nios2_id_router                 ; --         ;
; IP_TOOL_VERSION                     ; 12.0                                                    ; --            ; nios2_id_router_002             ; --         ;
; IP_TOOL_VERSION                     ; 12.0                                                    ; --            ; nios2_irq_mapper                ; --         ;
; IP_TOOL_VERSION                     ; 12.0                                                    ; --            ; nios2_jtag_uart                 ; --         ;
; IP_TOOL_VERSION                     ; 12.0                                                    ; --            ; nios2_leds                      ; --         ;
; IP_TOOL_VERSION                     ; 12.0                                                    ; --            ; nios2_nios2_qsys                ; --         ;
; IP_TOOL_VERSION                     ; 12.0                                                    ; --            ; nios2_onchip_memory             ; --         ;
; IP_TOOL_VERSION                     ; 12.0                                                    ; --            ; nios2_rsp_xbar_demux_002        ; --         ;
; IP_TOOL_VERSION                     ; 12.0                                                    ; --            ; nios2_rsp_xbar_mux              ; --         ;
; IP_TOOL_VERSION                     ; 12.0                                                    ; --            ; nios2_rsp_xbar_mux_001          ; --         ;
; IP_TOOL_VERSION                     ; 12.0                                                    ; --            ; nios2_switches                  ; --         ;
; MAX_CORE_JUNCTION_TEMP              ; 85                                                      ; --            ; --                              ; --         ;
; MIN_CORE_JUNCTION_TEMP              ; 0                                                       ; --            ; --                              ; --         ;
; MISC_FILE                           ; nios2/synthesis/../../nios2.sopcinfo                    ; --            ; --                              ; --         ;
; MISC_FILE                           ; nios2/synthesis/../../nios2.qsys                        ; --            ; --                              ; --         ;
; NOMINAL_CORE_SUPPLY_VOLTAGE         ; 1.2V                                                    ; --            ; --                              ; --         ;
; PARTITION_COLOR                     ; 16764057                                                ; --            ; --                              ; Top        ;
; PARTITION_FITTER_PRESERVATION_LEVEL ; PLACEMENT_AND_ROUTING                                   ; --            ; --                              ; Top        ;
; PARTITION_NETLIST_TYPE              ; SOURCE                                                  ; --            ; --                              ; Top        ;
; SLD_INFO                            ; QSYS_NAME nios2 HAS_SOPCINFO 1 GENERATION_ID 1541990363 ; --            ; nios2                           ; --         ;
; SYNTHESIS_ONLY_QIP                  ; On                                                      ; --            ; --                              ; --         ;
+-------------------------------------+---------------------------------------------------------+---------------+---------------------------------+------------+


+-------------------------------------------------------------------------------------------------------------------------------+
; Flow Elapsed Time                                                                                                             ;
+---------------------------+--------------+-------------------------+---------------------+------------------------------------+
; Module Name               ; Elapsed Time ; Average Processors Used ; Peak Virtual Memory ; Total CPU Time (on all processors) ;
+---------------------------+--------------+-------------------------+---------------------+------------------------------------+
; Analysis & Synthesis      ; 00:00:46     ; 1.0                     ; 462 MB              ; 00:00:16                           ;
; Fitter                    ; 00:00:44     ; 1.0                     ; 644 MB              ; 00:00:35                           ;
; Assembler                 ; 00:00:22     ; 1.0                     ; 391 MB              ; 00:00:10                           ;
; TimeQuest Timing Analyzer ; 00:00:41     ; 1.0                     ; 455 MB              ; 00:00:07                           ;
; Total                     ; 00:02:33     ; --                      ; --                  ; 00:01:08                           ;
+---------------------------+--------------+-------------------------+---------------------+------------------------------------+


+----------------------------------------------------------------------------------------+
; Flow OS Summary                                                                        ;
+---------------------------+------------------+-----------+------------+----------------+
; Module Name               ; Machine Hostname ; OS Name   ; OS Version ; Processor type ;
+---------------------------+------------------+-----------+------------+----------------+
; Analysis & Synthesis      ; dip0vpc00260     ; Windows 7 ; 6.2        ; x86_64         ;
; Fitter                    ; dip0vpc00260     ; Windows 7 ; 6.2        ; x86_64         ;
; Assembler                 ; dip0vpc00260     ; Windows 7 ; 6.2        ; x86_64         ;
; TimeQuest Timing Analyzer ; dip0vpc00260     ; Windows 7 ; 6.2        ; x86_64         ;
+---------------------------+------------------+-----------+------------+----------------+


------------
; Flow Log ;
------------
quartus_map --read_settings_files=on --write_settings_files=off lights -c lights
quartus_fit --read_settings_files=off --write_settings_files=off lights -c lights
quartus_asm --read_settings_files=off --write_settings_files=off lights -c lights
quartus_sta lights -c lights



