Info: Starting: Create block symbol file (.bsf)
Info: ip-generate --project-directory=Z:/Windows/taa57500/Desktop/ --output-directory=Z:/Windows/taa57500/Desktop/nios2/ --report-file=bsf:Z:/Windows/taa57500/Desktop/nios2.bsf --system-info=DEVICE_FAMILY="Cyclone IV GX" --component-file=Z:/Windows/taa57500/Desktop/nios2.qsys
Progress: Loading Desktop/nios2.qsys
Progress: Reading input file
Progress: Adding clk_0 [clock_source 12.0]
Progress: Parameterizing module clk_0
Progress: Adding nios2_qsys [altera_nios2_qsys 12.0]
Progress: Parameterizing module nios2_qsys
Progress: Adding onchip_memory [altera_avalon_onchip_memory2 12.0]
Progress: Parameterizing module onchip_memory
Progress: Adding switches [altera_avalon_pio 12.0]
Progress: Parameterizing module switches
Progress: Adding leds [altera_avalon_pio 12.0]
Progress: Parameterizing module leds
Progress: Adding jtag_uart [altera_avalon_jtag_uart 12.0]
Progress: Parameterizing module jtag_uart
Progress: Building connections
Progress: Parameterizing connections
Progress: Validating
Progress: Done reading input file
Info: nios2.onchip_memory: Memory will be initialized from onchip_memory.hex
Info: nios2.switches: PIO inputs are not hardwired in test bench. Undefined values will be read from PIO inputs during simulation.
Info: ip-generate succeeded.
Info: Finished: Create block symbol file (.bsf)
Info: 
Info: Starting: Create HDL design files for synthesis
Info: ip-generate --project-directory=Z:/Windows/taa57500/Desktop/ --output-directory=Z:/Windows/taa57500/Desktop/nios2/synthesis/ --file-set=QUARTUS_SYNTH --report-file=sopcinfo:Z:/Windows/taa57500/Desktop/nios2.sopcinfo --report-file=html:Z:/Windows/taa57500/Desktop/nios2.html --report-file=qip:Z:/Windows/taa57500/Desktop/nios2/synthesis/nios2.qip --system-info=DEVICE_FAMILY="Cyclone IV GX" --component-file=Z:/Windows/taa57500/Desktop/nios2.qsys
Progress: Loading Desktop/nios2.qsys
Progress: Reading input file
Progress: Adding clk_0 [clock_source 12.0]
Progress: Parameterizing module clk_0
Progress: Adding nios2_qsys [altera_nios2_qsys 12.0]
Progress: Parameterizing module nios2_qsys
Progress: Adding onchip_memory [altera_avalon_onchip_memory2 12.0]
Progress: Parameterizing module onchip_memory
Progress: Adding switches [altera_avalon_pio 12.0]
Progress: Parameterizing module switches
Progress: Adding leds [altera_avalon_pio 12.0]
Progress: Parameterizing module leds
Progress: Adding jtag_uart [altera_avalon_jtag_uart 12.0]
Progress: Parameterizing module jtag_uart
Progress: Building connections
Progress: Parameterizing connections
Progress: Validating
Progress: Done reading input file
Info: nios2.onchip_memory: Memory will be initialized from onchip_memory.hex
Info: nios2.switches: PIO inputs are not hardwired in test bench. Undefined values will be read from PIO inputs during simulation.
Info: nios2: Generating nios2 "nios2" for QUARTUS_SYNTH
Info: pipeline_bridge_swap_transform: After transform: 6 modules, 22 connections
Info: No custom instruction connections, skipping transform 
Info: merlin_translator_transform: After transform: 13 modules, 49 connections
Info: merlin_domain_transform: After transform: 26 modules, 132 connections
Info: merlin_router_transform: After transform: 33 modules, 159 connections
Info: reset_adaptation_transform: After transform: 35 modules, 132 connections
Info: merlin_network_to_switch_transform: After transform: 48 modules, 160 connections
Info: merlin_interrupt_mapper_transform: After transform: 49 modules, 163 connections
Info: nios2_qsys: Starting RTL generation for module 'nios2_nios2_qsys'
Info: nios2_qsys:   Generation command is [exec C:/altera/12.0sp2/quartus/../ip/altera/nios2_ip/altera_nios2/eperl.exe -I C:/altera/12.0sp2/quartus/common/ip/altera/common/perl/5.8.3 -I C:/altera/12.0sp2/quartus/sopc_builder/bin/europa -I C:/altera/12.0sp2/quartus/sopc_builder/bin/perl_lib -I C:/altera/12.0sp2/quartus/sopc_builder/bin -I C:/altera/12.0sp2/quartus/../ip/altera/nios2_ip/altera_nios2/cpu_lib -I C:/altera/12.0sp2/quartus/../ip/altera/nios2_ip/altera_nios2/nios_lib -I C:/altera/12.0sp2/quartus/../ip/altera/nios2_ip/altera_nios2 -I C:/altera/12.0sp2/quartus/../ip/altera/nios2_ip/altera_nios2 -- C:/altera/12.0sp2/quartus/../ip/altera/nios2_ip/altera_nios2/generate_rtl.epl --name=nios2_nios2_qsys --dir=C:/Users/taa57500/AppData/Local/Temp/alt7847_4126846381905072212.dir/0001_nios2_qsys_gen/ --quartus_dir=C:/altera/12.0sp2/quartus --verilog --config=C:/Users/taa57500/AppData/Local/Temp/alt7847_4126846381905072212.dir/0001_nios2_qsys_gen//nios2_nios2_qsys_processor_configuration.pl  --do_build_sim=0    --bogus  ]
Info: nios2_qsys: # 2018.11.12 11:39:26 (*) Starting Nios II generation
Info: nios2_qsys: # 2018.11.12 11:39:26 (*)   No license required to generate encrypted Nios II/e.
Info: nios2_qsys: # 2018.11.12 11:39:26 (*)   Elaborating CPU configuration settings
Info: nios2_qsys: # 2018.11.12 11:39:26 (*)   Creating all objects for CPU
Info: nios2_qsys: # 2018.11.12 11:39:28 (*)   Generating RTL from CPU objects
Info: nios2_qsys: # 2018.11.12 11:39:28 (*)   Creating plain-text RTL
Info: nios2_qsys: # 2018.11.12 11:39:30 (*) Done Nios II generation
Info: nios2_qsys: Done RTL generation for module 'nios2_nios2_qsys'
Info: nios2_qsys: "nios2" instantiated altera_nios2_qsys "nios2_qsys"
Info: Starting classic module elaboration.
Qt: Untested Windows version 6.2 detected!
"c:/altera/12.0sp2/quartus/bin/jre/bin/java.exe" -Xmx512M -classpath "c:/altera/12.0sp2/quartus/sopc_builder/bin/sopc_builder.jar;c:/altera/12.0sp2/quartus/sopc_builder/bin/PinAssigner.jar;c:/altera/12.0sp2/quartus/sopc_builder/bin/sopc_wizard.jar;c:/altera/12.0sp2/quartus/sopc_builder/bin/jptf.jar" sopc_builder.sopc_builder  -d"c:/altera/12.0sp2/quartus/sopc_builder" -notalkback=1 -projectnameyysystem.qpf -projectpathC:/Users/taa57500/AppData/Local/Temp/alt7847_4126846381905072212.dir/0002_sopclgen  --no_splash --refresh C:/Users/taa57500/AppData/Local/Temp/alt7847_4126846381905072212.dir/0002_sopclgen/yysystem.v --quartus_dir="c:/altera/12.0sp2/quartus" --sopc_perl="c:/altera/12.0sp2/quartus/bin/perl" --sopc_lib_path="++c:/altera/12.0sp2/quartus/../ip/altera/sopc_builder_ip+c:/altera/12.0sp2/quartus/../ip/altera/nios2_ip"
Info: Finished elaborating classic module.
Executing: C:/altera/12.0sp2/quartus//sopc_builder/bin/sopc_builder --classic --generate C:/Users/taa57500/AppData/Local/Temp/alt7847_4126846381905072212.dir/0002_sopclgen/yysystem.ptf
Info: Running sopc_builder...
Qt: Untested Windows version 6.2 detected!
"c:/altera/12.0sp2/quartus/bin/jre/bin/java.exe" -Xmx512M -classpath "c:/altera/12.0sp2/quartus/sopc_builder/bin/sopc_builder.jar;c:/altera/12.0sp2/quartus/sopc_builder/bin/PinAssigner.jar;c:/altera/12.0sp2/quartus/sopc_builder/bin/sopc_wizard.jar;c:/altera/12.0sp2/quartus/sopc_builder/bin/jptf.jar" sopc_builder.sopc_builder  -d"c:/altera/12.0sp2/quartus/sopc_builder" -notalkback=1 -projectnameyysystem.qpf -projectpathC:/Users/taa57500/AppData/Local/Temp/alt7847_4126846381905072212.dir/0002_sopclgen  --generate C:/Users/taa57500/AppData/Local/Temp/alt7847_4126846381905072212.dir/0002_sopclgen/yysystem.v --quartus_dir="c:/altera/12.0sp2/quartus" --sopc_perl="c:/altera/12.0sp2/quartus/bin/perl" --sopc_lib_path="++c:/altera/12.0sp2/quartus/../ip/altera/sopc_builder_ip+c:/altera/12.0sp2/quartus/../ip/altera/nios2_ip"
No .sopc_builder configuration file(!)
.
# 2018.11.12 11:39:47 (*) Success: sopc_builder finished.
Info: onchip_memory: "nios2" instantiated altera_avalon_onchip_memory2 "onchip_memory"
Info: Starting classic module elaboration.
Qt: Untested Windows version 6.2 detected!
"c:/altera/12.0sp2/quartus/bin/jre/bin/java.exe" -Xmx512M -classpath "c:/altera/12.0sp2/quartus/sopc_builder/bin/sopc_builder.jar;c:/altera/12.0sp2/quartus/sopc_builder/bin/PinAssigner.jar;c:/altera/12.0sp2/quartus/sopc_builder/bin/sopc_wizard.jar;c:/altera/12.0sp2/quartus/sopc_builder/bin/jptf.jar" sopc_builder.sopc_builder  -d"c:/altera/12.0sp2/quartus/sopc_builder" -notalkback=1 -projectnameyysystem.qpf -projectpathC:/Users/taa57500/AppData/Local/Temp/alt7847_4126846381905072212.dir/0003_sopclgen  --no_splash --refresh C:/Users/taa57500/AppData/Local/Temp/alt7847_4126846381905072212.dir/0003_sopclgen/yysystem.v --quartus_dir="c:/altera/12.0sp2/quartus" --sopc_perl="c:/altera/12.0sp2/quartus/bin/perl" --sopc_lib_path="++c:/altera/12.0sp2/quartus/../ip/altera/sopc_builder_ip+c:/altera/12.0sp2/quartus/../ip/altera/nios2_ip"
Info: Finished elaborating classic module.
Executing: C:/altera/12.0sp2/quartus//sopc_builder/bin/sopc_builder --classic --generate C:/Users/taa57500/AppData/Local/Temp/alt7847_4126846381905072212.dir/0003_sopclgen/yysystem.ptf
Info: Running sopc_builder...
Qt: Untested Windows version 6.2 detected!
"c:/altera/12.0sp2/quartus/bin/jre/bin/java.exe" -Xmx512M -classpath "c:/altera/12.0sp2/quartus/sopc_builder/bin/sopc_builder.jar;c:/altera/12.0sp2/quartus/sopc_builder/bin/PinAssigner.jar;c:/altera/12.0sp2/quartus/sopc_builder/bin/sopc_wizard.jar;c:/altera/12.0sp2/quartus/sopc_builder/bin/jptf.jar" sopc_builder.sopc_builder  -d"c:/altera/12.0sp2/quartus/sopc_builder" -notalkback=1 -projectnameyysystem.qpf -projectpathC:/Users/taa57500/AppData/Local/Temp/alt7847_4126846381905072212.dir/0003_sopclgen  --generate C:/Users/taa57500/AppData/Local/Temp/alt7847_4126846381905072212.dir/0003_sopclgen/yysystem.v --quartus_dir="c:/altera/12.0sp2/quartus" --sopc_perl="c:/altera/12.0sp2/quartus/bin/perl" --sopc_lib_path="++c:/altera/12.0sp2/quartus/../ip/altera/sopc_builder_ip+c:/altera/12.0sp2/quartus/../ip/altera/nios2_ip"
No .sopc_builder configuration file(!)
.
# 2018.11.12 11:40:04 (*) Success: sopc_builder finished.
Info: switches: "nios2" instantiated altera_avalon_pio "switches"
Info: Starting classic module elaboration.
Qt: Untested Windows version 6.2 detected!
"c:/altera/12.0sp2/quartus/bin/jre/bin/java.exe" -Xmx512M -classpath "c:/altera/12.0sp2/quartus/sopc_builder/bin/sopc_builder.jar;c:/altera/12.0sp2/quartus/sopc_builder/bin/PinAssigner.jar;c:/altera/12.0sp2/quartus/sopc_builder/bin/sopc_wizard.jar;c:/altera/12.0sp2/quartus/sopc_builder/bin/jptf.jar" sopc_builder.sopc_builder  -d"c:/altera/12.0sp2/quartus/sopc_builder" -notalkback=1 -projectnameyysystem.qpf -projectpathC:/Users/taa57500/AppData/Local/Temp/alt7847_4126846381905072212.dir/0004_sopclgen  --no_splash --refresh C:/Users/taa57500/AppData/Local/Temp/alt7847_4126846381905072212.dir/0004_sopclgen/yysystem.v --quartus_dir="c:/altera/12.0sp2/quartus" --sopc_perl="c:/altera/12.0sp2/quartus/bin/perl" --sopc_lib_path="++c:/altera/12.0sp2/quartus/../ip/altera/sopc_builder_ip+c:/altera/12.0sp2/quartus/../ip/altera/nios2_ip"
Info: Finished elaborating classic module.
Executing: C:/altera/12.0sp2/quartus//sopc_builder/bin/sopc_builder --classic --generate C:/Users/taa57500/AppData/Local/Temp/alt7847_4126846381905072212.dir/0004_sopclgen/yysystem.ptf
Info: Running sopc_builder...
Qt: Untested Windows version 6.2 detected!
"c:/altera/12.0sp2/quartus/bin/jre/bin/java.exe" -Xmx512M -classpath "c:/altera/12.0sp2/quartus/sopc_builder/bin/sopc_builder.jar;c:/altera/12.0sp2/quartus/sopc_builder/bin/PinAssigner.jar;c:/altera/12.0sp2/quartus/sopc_builder/bin/sopc_wizard.jar;c:/altera/12.0sp2/quartus/sopc_builder/bin/jptf.jar" sopc_builder.sopc_builder  -d"c:/altera/12.0sp2/quartus/sopc_builder" -notalkback=1 -projectnameyysystem.qpf -projectpathC:/Users/taa57500/AppData/Local/Temp/alt7847_4126846381905072212.dir/0004_sopclgen  --generate C:/Users/taa57500/AppData/Local/Temp/alt7847_4126846381905072212.dir/0004_sopclgen/yysystem.v --quartus_dir="c:/altera/12.0sp2/quartus" --sopc_perl="c:/altera/12.0sp2/quartus/bin/perl" --sopc_lib_path="++c:/altera/12.0sp2/quartus/../ip/altera/sopc_builder_ip+c:/altera/12.0sp2/quartus/../ip/altera/nios2_ip"
No .sopc_builder configuration file(!)
.
# 2018.11.12 11:40:22 (*) Success: sopc_builder finished.
Info: leds: "nios2" instantiated altera_avalon_pio "leds"
Info: Starting classic module elaboration.
Qt: Untested Windows version 6.2 detected!
"c:/altera/12.0sp2/quartus/bin/jre/bin/java.exe" -Xmx512M -classpath "c:/altera/12.0sp2/quartus/sopc_builder/bin/sopc_builder.jar;c:/altera/12.0sp2/quartus/sopc_builder/bin/PinAssigner.jar;c:/altera/12.0sp2/quartus/sopc_builder/bin/sopc_wizard.jar;c:/altera/12.0sp2/quartus/sopc_builder/bin/jptf.jar" sopc_builder.sopc_builder  -d"c:/altera/12.0sp2/quartus/sopc_builder" -notalkback=1 -projectnameyysystem.qpf -projectpathC:/Users/taa57500/AppData/Local/Temp/alt7847_4126846381905072212.dir/0005_sopclgen  --no_splash --refresh C:/Users/taa57500/AppData/Local/Temp/alt7847_4126846381905072212.dir/0005_sopclgen/yysystem.v --quartus_dir="c:/altera/12.0sp2/quartus" --sopc_perl="c:/altera/12.0sp2/quartus/bin/perl" --sopc_lib_path="++c:/altera/12.0sp2/quartus/../ip/altera/sopc_builder_ip+c:/altera/12.0sp2/quartus/../ip/altera/nios2_ip"
Info: Finished elaborating classic module.
Executing: C:/altera/12.0sp2/quartus//sopc_builder/bin/sopc_builder --classic --generate C:/Users/taa57500/AppData/Local/Temp/alt7847_4126846381905072212.dir/0005_sopclgen/yysystem.ptf
Info: Running sopc_builder...
Qt: Untested Windows version 6.2 detected!
"c:/altera/12.0sp2/quartus/bin/jre/bin/java.exe" -Xmx512M -classpath "c:/altera/12.0sp2/quartus/sopc_builder/bin/sopc_builder.jar;c:/altera/12.0sp2/quartus/sopc_builder/bin/PinAssigner.jar;c:/altera/12.0sp2/quartus/sopc_builder/bin/sopc_wizard.jar;c:/altera/12.0sp2/quartus/sopc_builder/bin/jptf.jar" sopc_builder.sopc_builder  -d"c:/altera/12.0sp2/quartus/sopc_builder" -notalkback=1 -projectnameyysystem.qpf -projectpathC:/Users/taa57500/AppData/Local/Temp/alt7847_4126846381905072212.dir/0005_sopclgen  --generate C:/Users/taa57500/AppData/Local/Temp/alt7847_4126846381905072212.dir/0005_sopclgen/yysystem.v --quartus_dir="c:/altera/12.0sp2/quartus" --sopc_perl="c:/altera/12.0sp2/quartus/bin/perl" --sopc_lib_path="++c:/altera/12.0sp2/quartus/../ip/altera/sopc_builder_ip+c:/altera/12.0sp2/quartus/../ip/altera/nios2_ip"
No .sopc_builder configuration file(!)
.
# 2018.11.12 11:40:41 (*) Success: sopc_builder finished.
Info: jtag_uart: "nios2" instantiated altera_avalon_jtag_uart "jtag_uart"
Info: nios2_qsys_instruction_master_translator: "nios2" instantiated altera_merlin_master_translator "nios2_qsys_instruction_master_translator"
Info: nios2_qsys_jtag_debug_module_translator: "nios2" instantiated altera_merlin_slave_translator "nios2_qsys_jtag_debug_module_translator"
Info: nios2_qsys_instruction_master_translator_avalon_universal_master_0_agent: "nios2" instantiated altera_merlin_master_agent "nios2_qsys_instruction_master_translator_avalon_universal_master_0_agent"
Info: nios2_qsys_jtag_debug_module_translator_avalon_universal_slave_0_agent: "nios2" instantiated altera_merlin_slave_agent "nios2_qsys_jtag_debug_module_translator_avalon_universal_slave_0_agent"
Info: nios2_qsys_jtag_debug_module_translator_avalon_universal_slave_0_agent_rsp_fifo: "nios2" instantiated altera_avalon_sc_fifo "nios2_qsys_jtag_debug_module_translator_avalon_universal_slave_0_agent_rsp_fifo"
Info: addr_router: "nios2" instantiated altera_merlin_router "addr_router"
Info: addr_router_001: "nios2" instantiated altera_merlin_router "addr_router_001"
Info: id_router: "nios2" instantiated altera_merlin_router "id_router"
Info: id_router_002: "nios2" instantiated altera_merlin_router "id_router_002"
Info: rst_controller: "nios2" instantiated altera_reset_controller "rst_controller"
Info: cmd_xbar_demux: "nios2" instantiated altera_merlin_demultiplexer "cmd_xbar_demux"
Info: cmd_xbar_demux_001: "nios2" instantiated altera_merlin_demultiplexer "cmd_xbar_demux_001"
Info: cmd_xbar_mux: "nios2" instantiated altera_merlin_multiplexer "cmd_xbar_mux"
Info: rsp_xbar_demux_002: "nios2" instantiated altera_merlin_demultiplexer "rsp_xbar_demux_002"
Info: rsp_xbar_mux: "nios2" instantiated altera_merlin_multiplexer "rsp_xbar_mux"
Info: Reusing file Z:/Windows/taa57500/Desktop/nios2/synthesis/submodules/altera_merlin_arbitrator.sv
Info: rsp_xbar_mux_001: "nios2" instantiated altera_merlin_multiplexer "rsp_xbar_mux_001"
Info: Reusing file Z:/Windows/taa57500/Desktop/nios2/synthesis/submodules/altera_merlin_arbitrator.sv
Info: irq_mapper: "nios2" instantiated altera_irq_mapper "irq_mapper"
Info: nios2: Done nios2" with 23 modules, 70 files, 1166155 bytes
Info: ip-generate succeeded.
Info: Finished: Create HDL design files for synthesis
